In file included from /home/dev/Desktop/eRINA/EmbeddedRINA/eRINA/src/c_src/kernel-msg.h:28,
                 from /home/dev/Desktop/eRINA/EmbeddedRINA/eRINA/src/c_src/ctrl.c:40:
/home/dev/Desktop/eRINA/EmbeddedRINA/eRINA/src/c_src/ctrl.c: In function ‘rl_write_msg’:
/home/dev/Desktop/eRINA/EmbeddedRINA/eRINA/src/c_src/utils.h:127:13: warning: format ‘%d’ expects argument of type ‘int’, but argument 5 has type ‘long unsigned int’ [-Wformat=]
  127 |     DOPRINT("[%s:" LEV "]%s: " FMT, hms_string(), __func__, ##__VA_ARGS__)
      |             ^~~~~~
/home/dev/Desktop/eRINA/EmbeddedRINA/eRINA/src/c_src/utils.h:121:16: note: in definition of macro ‘DOPRINT’
  121 |         printf(FMT, ##__VA_ARGS__);                                            \
      |                ^~~
/home/dev/Desktop/eRINA/EmbeddedRINA/eRINA/src/c_src/utils.h:131:5: note: in expansion of macro ‘PRINTFUN2’
  131 |     PRINTFUN2("DBG", FMT, ##__VA_ARGS__)
      |     ^~~~~~~~~
/home/dev/Desktop/eRINA/EmbeddedRINA/eRINA/src/c_src/ctrl.c:109:5: note: in expansion of macro ‘PD’
  109 |     PD("Serlen: %d -- sizeof(buf): %d\n", serlen, sizeof(serbuf));
      |     ^~
/home/dev/Desktop/eRINA/EmbeddedRINA/eRINA/src/c_src/ctrl.c:109:37: note: format string is defined here
  109 |     PD("Serlen: %d -- sizeof(buf): %d\n", serlen, sizeof(serbuf));
      |                                    ~^
      |                                     |
      |                                     int
      |                                    %ld
