In file included from /home/anthony/Desktop/Project/EmbeddedRINA/eRINA/src/c_src/utils.c:24:
/home/anthony/Desktop/Project/EmbeddedRINA/eRINA/src/c_src/utils.c: In function ‘rl_msg_serlen’:
/home/anthony/Desktop/Project/EmbeddedRINA/eRINA/src/c_src/utils.h:127:13: warning: format ‘%s’ expects argument of type ‘char *’, but argument 4 has type ‘struct rina_name *’ [-Wformat=]
  127 |     DOPRINT("[%s:" LEV "]%s: " FMT, hms_string(), __func__, ##__VA_ARGS__)
      |             ^~~~~~
/home/anthony/Desktop/Project/EmbeddedRINA/eRINA/src/c_src/utils.h:121:16: note: in definition of macro ‘DOPRINT’
  121 |         printf(FMT, ##__VA_ARGS__);                                            \
      |                ^~~
/home/anthony/Desktop/Project/EmbeddedRINA/eRINA/src/c_src/utils.h:131:5: note: in expansion of macro ‘PRINTFUN2’
  131 |     PRINTFUN2("DBG", FMT, ##__VA_ARGS__)
      |     ^~~~~~~~~
/home/anthony/Desktop/Project/EmbeddedRINA/eRINA/src/c_src/utils.c:291:9: note: in expansion of macro ‘PD’
  291 |         PD("S: %s\n", name);
      |         ^~
/home/anthony/Desktop/Project/EmbeddedRINA/eRINA/src/c_src/utils.c:291:17: note: format string is defined here
  291 |         PD("S: %s\n", name);
      |                ~^
      |                 |
      |                 char *
In file included from /home/anthony/Desktop/Project/EmbeddedRINA/eRINA/src/c_src/utils.c:24:
/home/anthony/Desktop/Project/EmbeddedRINA/eRINA/src/c_src/utils.h:127:13: warning: format ‘%s’ expects argument of type ‘char *’, but argument 4 has type ‘char **’ [-Wformat=]
  127 |     DOPRINT("[%s:" LEV "]%s: " FMT, hms_string(), __func__, ##__VA_ARGS__)
      |             ^~~~~~
/home/anthony/Desktop/Project/EmbeddedRINA/eRINA/src/c_src/utils.h:121:16: note: in definition of macro ‘DOPRINT’
  121 |         printf(FMT, ##__VA_ARGS__);                                            \
      |                ^~~
/home/anthony/Desktop/Project/EmbeddedRINA/eRINA/src/c_src/utils.h:131:5: note: in expansion of macro ‘PRINTFUN2’
  131 |     PRINTFUN2("DBG", FMT, ##__VA_ARGS__)
      |     ^~~~~~~~~
/home/anthony/Desktop/Project/EmbeddedRINA/eRINA/src/c_src/utils.c:299:9: note: in expansion of macro ‘PD’
  299 |         PD("S: %s\n", str);
      |         ^~
/home/anthony/Desktop/Project/EmbeddedRINA/eRINA/src/c_src/utils.c:299:17: note: format string is defined here
  299 |         PD("S: %s\n", str);
      |                ~^
      |                 |
      |                 char *
